{"event": "user_login", "data": {"user_id": 1, "username": "admin", "token": "eyJhbGciOiJIUzI1NiIsInR5cCI6IkpXVCJ9.eyJ1c2VyX2lkIjoxLCJ1c2VybmFtZSI6ImFkbWluIiwiZXhwIjoxNzQ4MTIzMTk5fQ.mN72rCqgxlSB_2_iD2h3NvBofAoeAJTt6EAiqPNAr4E"}, "timestamp": "2025-05-23T12:46:39.745214"}
{"event": "user_login", "data": {"user_id": 1, "username": "admin", "token": "eyJhbGciOiJIUzI1NiIsInR5cCI6IkpXVCJ9.eyJ1c2VyX2lkIjoxLCJ1c2VybmFtZSI6ImFkbWluIiwiZXhwIjoxNzQ4MTI0MDE0fQ.lcjWmr7A5_aUuqnaXb5gRQsPQp9GEq2eXrs7D5oNFCA"}, "timestamp": "2025-05-23T13:00:14.655613"}
{"event": "protected_access", "data": {"user_id": 1, "username": "admin", "status": "success"}, "timestamp": "2025-05-23T13:01:01.590205"}
{"event": "access_attempt", "data": {"status": "failed", "reason": "Token inv\u00e1lido", "path": "/protected"}, "timestamp": "2025-05-23T13:01:07.759278"}
{"event": "protected_access", "data": {"user_id": 1, "username": "admin", "status": "success"}, "timestamp": "2025-05-23T13:01:43.060334"}
{"event": "user_logout", "data": {"user_id": 1, "username": "admin", "token": "eyJhbGciOiJIUzI1NiIsInR5cCI6IkpXVCJ9.eyJ1c2VyX2lkIjoxLCJ1c2VybmFtZSI6ImFkbWluIiwiZXhwIjoxNzQ4MTI0MDE0fQ.lcjWmr7A5_aUuqnaXb5gRQsPQp9GEq2eXrs7D5oNFCA", "status": "success"}, "timestamp": "2025-05-23T13:02:14.227282"}
{"event": "user_login", "data": {"user_id": 1, "username": "admin", "token": "eyJhbGciOiJIUzI1NiIsInR5cCI6IkpXVCJ9.eyJ1c2VyX2lkIjoxLCJ1c2VybmFtZSI6ImFkbWluIiwiZXhwIjoxNzQ4MTI0MjA4fQ.7qW1ok2HP_Qg6em8g7ehwmFZ8dNhtwChobFdfjcD7Mw"}, "timestamp": "2025-05-23T13:03:28.520736"}
{"event": "user_logout", "data": {"user_id": 1, "username": "admin", "token": "eyJhbGciOiJIUzI1NiIsInR5cCI6IkpXVCJ9.eyJ1c2VyX2lkIjoxLCJ1c2VybmFtZSI6ImFkbWluIiwiZXhwIjoxNzQ4MTI0MjA4fQ.7qW1ok2HP_Qg6em8g7ehwmFZ8dNhtwChobFdfjcD7Mw", "status": "success"}, "timestamp": "2025-05-23T13:03:36.714535"}
{"event": "user_login", "data": {"user_id": 1, "username": "admin", "token": "eyJhbGciOiJIUzI1NiIsInR5cCI6IkpXVCJ9.eyJ1c2VyX2lkIjoxLCJ1c2VybmFtZSI6ImFkbWluIiwiZXhwIjoxNzQ4MTI0MjIyfQ.HKvOKxFcXEg8s1yobZE_T30yDIbbzKPO7A_kuEX7z4s"}, "timestamp": "2025-05-23T13:03:42.958873"}
{"event": "user_registered", "data": {"user_id": 3, "username": "admin3"}, "timestamp": "2025-05-23T13:30:09.981920"}
{"event": "user_login", "data": {"user_id": 3, "username": "admin3", "token": "eyJhbGciOiJIUzI1NiIsInR5cCI6IkpXVCJ9.eyJ1c2VyX2lkIjozLCJ1c2VybmFtZSI6ImFkbWluMyIsImV4cCI6MTc0ODEyNTgxOX0.W93WfYu_tyUYS5pTAMcGmE8bMDrao40nd9lXTdcVSLI"}, "timestamp": "2025-05-23T13:30:19.964817"}
{"event": "protected_access", "data": {"user_id": 3, "username": "admin3", "status": "success"}, "timestamp": "2025-05-23T13:30:27.582762"}
{"event": "user_logout", "data": {"user_id": 3, "username": "admin3", "token": "eyJhbGciOiJIUzI1NiIsInR5cCI6IkpXVCJ9.eyJ1c2VyX2lkIjozLCJ1c2VybmFtZSI6ImFkbWluMyIsImV4cCI6MTc0ODEyNTgxOX0.W93WfYu_tyUYS5pTAMcGmE8bMDrao40nd9lXTdcVSLI", "status": "success"}, "timestamp": "2025-05-23T13:30:37.918531"}
{"event": "user_login", "data": {"user_id": 2, "username": "admin2", "token": "eyJhbGciOiJIUzI1NiIsInR5cCI6IkpXVCJ9.eyJ1c2VyX2lkIjoyLCJ1c2VybmFtZSI6ImFkbWluMiIsImV4cCI6MTc0ODEyNjQ1MH0.JXB3C1_IM9tnXzm2Evyq8SxoL1viJrIaNXNYyJD44Oo"}, "timestamp": "2025-05-23T13:40:50.717102"}
{"event": "protected_access", "data": {"user_id": 2, "username": "admin2", "status": "success"}, "timestamp": "2025-05-23T13:41:06.431108"}
{"event": "access_attempt", "data": {"status": "failed", "reason": "Token inv\u00e1lido", "path": "/protected"}, "timestamp": "2025-05-23T13:41:12.521023"}
{"event": "user_logout", "data": {"user_id": 2, "username": "admin2", "token": "eyJhbGciOiJIUzI1NiIsInR5cCI6IkpXVCJ9.eyJ1c2VyX2lkIjoyLCJ1c2VybmFtZSI6ImFkbWluMiIsImV4cCI6MTc0ODEyNjQ1MH0.JXB3C1_IM9tnXzm2Evyq8SxoL1viJrIaNXNYyJD44Oo", "status": "success"}, "timestamp": "2025-05-23T13:41:39.695980"}
{"event": "user_registered", "data": {"user_id": 4, "username": "admin4"}, "timestamp": "2025-05-23T13:52:52.663844"}
{"event": "user_login", "data": {"user_id": 4, "username": "admin4", "token": "eyJhbGciOiJIUzI1NiIsInR5cCI6IkpXVCJ9.eyJ1c2VyX2lkIjo0LCJ1c2VybmFtZSI6ImFkbWluNCIsImV4cCI6MTc0ODEyNzE4M30.0zb7pEb1cHiJt1wvzZRkV8kAQKYpmodG4Vavq8bKq4I"}, "timestamp": "2025-05-23T13:53:03.812319"}
{"event": "user_login", "data": {"user_id": 4, "username": "admin4", "token": "eyJhbGciOiJIUzI1NiIsInR5cCI6IkpXVCJ9.eyJ1c2VyX2lkIjo0LCJ1c2VybmFtZSI6ImFkbWluNCIsImV4cCI6MTc0ODEyNzE5NX0.uWIokknp6IEAZpVaoPc8jpdFEvgh7w1jWzqxfbE7TOE"}, "timestamp": "2025-05-23T13:53:15.355948"}
{"event": "user_login", "data": {"user_id": 4, "username": "admin4", "token": "eyJhbGciOiJIUzI1NiIsInR5cCI6IkpXVCJ9.eyJ1c2VyX2lkIjo0LCJ1c2VybmFtZSI6ImFkbWluNCIsImV4cCI6MTc0ODEyNzIxMn0._6RaOnIikWqTPBsHh9XaK1n0__kMVFZM78HEr5n4DZI"}, "timestamp": "2025-05-23T13:53:32.490683"}
{"event": "protected_access", "data": {"user_id": 4, "username": "admin4", "status": "success"}, "timestamp": "2025-05-23T13:53:58.148855"}
{"event": "access_attempt", "data": {"status": "failed", "reason": "Token inv\u00e1lido", "path": "/protected"}, "timestamp": "2025-05-23T13:54:13.561405"}
{"event": "protected_access", "data": {"user_id": 4, "username": "admin4", "status": "success"}, "timestamp": "2025-05-23T13:54:18.905477"}
{"event": "user_logout", "data": {"user_id": 4, "username": "admin4", "token": "eyJhbGciOiJIUzI1NiIsInR5cCI6IkpXVCJ9.eyJ1c2VyX2lkIjo0LCJ1c2VybmFtZSI6ImFkbWluNCIsImV4cCI6MTc0ODEyNzIxMn0._6RaOnIikWqTPBsHh9XaK1n0__kMVFZM78HEr5n4DZI", "status": "success"}, "timestamp": "2025-05-23T13:54:29.306912"}
{"event": "user_logout", "data": {"user_id": 4, "username": "admin4", "token": "eyJhbGciOiJIUzI1NiIsInR5cCI6IkpXVCJ9.eyJ1c2VyX2lkIjo0LCJ1c2VybmFtZSI6ImFkbWluNCIsImV4cCI6MTc0ODEyNzIxMn0._6RaOnIikWqTPBsHh9XaK1n0__kMVFZM78HEr5n4DZI", "status": "success"}, "timestamp": "2025-05-23T13:54:33.389898"}
{"event": "protected_access", "data": {"user_id": 4, "username": "admin4", "status": "success"}, "timestamp": "2025-05-23T13:54:49.836103"}
{"event": "user_login", "data": {"user_id": 4, "username": "admin4", "token": "eyJhbGciOiJIUzI1NiIsInR5cCI6IkpXVCJ9.eyJ1c2VyX2lkIjo0LCJ1c2VybmFtZSI6ImFkbWluNCIsImV4cCI6MTc0ODEyNzMxNn0.B-UcLKyIrJAHUErFG9Oe7hZM0DUtAKXPEGCxn9Gz2Ok"}, "timestamp": "2025-05-23T13:55:16.747320"}
{"event": "protected_access", "data": {"user_id": 4, "username": "admin4", "status": "success"}, "timestamp": "2025-05-23T13:55:34.361868"}
{"event": "user_registered", "data": {"user_id": 5, "username": "admin5"}, "timestamp": "2025-05-23T13:56:03.852763"}
{"event": "user_login", "data": {"user_id": 5, "username": "admin5", "token": "eyJhbGciOiJIUzI1NiIsInR5cCI6IkpXVCJ9.eyJ1c2VyX2lkIjo1LCJ1c2VybmFtZSI6ImFkbWluNSIsImV4cCI6MTc0ODEyNzM3Mn0.kYS9ugo3vFVh7MD0UBUj0AjzwORPbSjHwvtin10yBAY"}, "timestamp": "2025-05-23T13:56:12.766559"}
{"event": "protected_access", "data": {"user_id": 5, "username": "admin5", "status": "success"}, "timestamp": "2025-05-23T13:56:17.730761"}
{"event": "user_logout", "data": {"user_id": 5, "username": "admin5", "token": "eyJhbGciOiJIUzI1NiIsInR5cCI6IkpXVCJ9.eyJ1c2VyX2lkIjo1LCJ1c2VybmFtZSI6ImFkbWluNSIsImV4cCI6MTc0ODEyNzM3Mn0.kYS9ugo3vFVh7MD0UBUj0AjzwORPbSjHwvtin10yBAY", "status": "success"}, "timestamp": "2025-05-23T13:56:30.342772"}
